Arguments: 
  /usr/local/Cellar/node/13.2.0/bin/node /usr/local/bin/yarn init

PATH: 
  /Users/dtomlinson/.pyenv/shims:/Users/dtomlinson/.pyenv/bin:/usr/local/python/python-3.8/lib/python3.8/site-packages:/usr/local/opt/openssl/bin:/Users/dtomlinson/.local/bin:/Users/dtomlinson/.poetry/bin:/Users/dtomlinson/.cargo/bin:/usr/local/bin:/usr/bin:/bin:/usr/sbin:/sbin

Yarn version: 
  1.22.0

Node version: 
  13.2.0

Platform: 
  darwin x64

Trace: 
  Error: canceled
      at Interface.<anonymous> (/usr/local/lib/node_modules/yarn/lib/cli.js:136987:13)
      at Interface.emit (events.js:210:5)
      at Interface._ttyWrite (readline.js:885:16)
      at ReadStream.onkeypress (readline.js:191:10)
      at ReadStream.emit (events.js:210:5)
      at emitKeys (internal/readline/utils.js:433:14)
      at emitKeys.next (<anonymous>)
      at ReadStream.onData (readline.js:1151:36)
      at ReadStream.emit (events.js:210:5)
      at addChunk (_stream_readable.js:326:12)

npm manifest: 
  No manifest

yarn manifest: 
  No manifest

Lockfile: 
  No lockfile
